Info: Starting: Create block symbol file (.bsf)
Info: qsys-generate D:\Dropbox\counter_max10\clk_cntrol.qsys --block-symbol-file --output-directory=D:\Dropbox\counter_max10\clk_cntrol --family="Cyclone 10 LP" --part=10CL006YE144C8G
Progress: Loading counter_max10/clk_cntrol.qsys
Progress: Reading input file
Progress: Adding altclkctrl_0 [altclkctrl 17.1]
Progress: Parameterizing module altclkctrl_0
Progress: Building connections
Progress: Parameterizing connections
Progress: Validating
Progress: Done reading input file
: clk_cntrol.altclkctrl_0: Targeting device family: Cyclone 10 LP.
: clk_cntrol.altclkctrl_0: Global clock network allows a clock signal to reach all parts of the chip with the same amount of skew. Input port 'clkselect' can be used to switch between four clock inputs.
Info: qsys-generate succeeded.
Info: Finished: Create block symbol file (.bsf)
Info: 
Info: Starting: Create HDL design files for synthesis
Info: qsys-generate D:\Dropbox\counter_max10\clk_cntrol.qsys --synthesis=VHDL --output-directory=D:\Dropbox\counter_max10\clk_cntrol\synthesis --family="Cyclone 10 LP" --part=10CL006YE144C8G
Progress: Loading counter_max10/clk_cntrol.qsys
Progress: Reading input file
Progress: Adding altclkctrl_0 [altclkctrl 17.1]
Progress: Parameterizing module altclkctrl_0
Progress: Building connections
Progress: Parameterizing connections
Progress: Validating
Progress: Done reading input file
: clk_cntrol.altclkctrl_0: Targeting device family: Cyclone 10 LP.
: clk_cntrol.altclkctrl_0: Global clock network allows a clock signal to reach all parts of the chip with the same amount of skew. Input port 'clkselect' can be used to switch between four clock inputs.
Info: clk_cntrol: Generating clk_cntrol "clk_cntrol" for QUARTUS_SYNTH
Info: altclkctrl_0: Generating top-level entity clk_cntrol_altclkctrl_0.
Info: altclkctrl_0: "clk_cntrol" instantiated altclkctrl "altclkctrl_0"
Info: clk_cntrol: Done "clk_cntrol" with 2 modules, 2 files
Info: qsys-generate succeeded.
Info: Finished: Create HDL design files for synthesis
